<?xml version="1.0" encoding="UTF-8"?>
<!-- Generated by org.testng.reporters.JUnitXMLReporter -->
<testsuite hostname="MAVBCP733" ignored="0" name="Default test" tests="3" failures="0" timestamp="31 Jul 2020 12:49:03 GMT" time="152.67" errors="0">
  <testcase name="To do a fund transfer in ParasBank Site" time="54.898" classname="com.maveric.core.cucumber.CucumberBaseTest"/>
  <testcase name="To do a fund transfer in ParasBank Site" time="46.32" classname="com.maveric.core.cucumber.CucumberBaseTest"/>
  <testcase name="To do a fund transfer in ParasBank Site" time="50.351" classname="com.maveric.core.cucumber.CucumberBaseTest"/>
</testsuite> <!-- Default test -->
