<?xml version="1.0" encoding="UTF-8"?>
<!-- Generated by org.testng.reporters.JUnitXMLReporter -->
<testsuite hostname="MAVBCP733" ignored="0" name="Parasbank" tests="1" failures="1" timestamp="28 Jul 2020 13:40:29 GMT" time="29.281" errors="0">
  <testcase name="Test2" time="29.268" classname="com.internetapp.tests.ParasBankTest">
    <failure type="java.lang.NullPointerException">
      <![CDATA[java.lang.NullPointerException
	at com.maveric.core.testng.listeners.RetryAnalyzer.getCount(RetryAnalyzer.java:35)
	at com.maveric.core.testng.listeners.ReportListener.afterInvocation(ReportListener.java:70)
	at java.util.concurrent.ThreadPoolExecutor.runWorker(Unknown Source)
	at java.util.concurrent.ThreadPoolExecutor$Worker.run(Unknown Source)
	at java.lang.Thread.run(Unknown Source)
... Removed 8 stack frames]]>
    </failure>
  </testcase> <!-- Test2 -->
</testsuite> <!-- Parasbank -->
